#
# A fatal error has been detected by the Java Runtime Environment:
#
#  Internal Error (javaCalls.cpp:54), pid=19760, tid=0x00000000000059d8
#  guarantee(thread->is_Java_thread()) failed: crucial check - the VM thread cannot and must not escape to Java code
#
# JRE version: OpenJDK Runtime Environment (Zulu 8.58.0.13-CA-win64) (8.0_312-b07) (build 1.8.0_312-b07)
# Java VM: OpenJDK 64-Bit Server VM (25.312-b07 mixed mode windows-amd64 compressed oops)
# Failed to write core dump. Minidumps are not enabled by default on client versions of Windows
#
# If you would like to submit a bug report, please visit:
#   http://www.azul.com/support/
#

---------------  T H R E A D  ---------------

Current thread (0x000001d47fed0000):  VMThread [stack: 0x00000083b1000000,0x00000083b1100000] [id=23000]

Stack: [0x00000083b1000000,0x00000083b1100000]
Native frames: (J=compiled Java code, j=interpreted, Vv=VM code, C=native code)
V  [jvm.dll+0x30e969]
V  [jvm.dll+0x258d79]
V  [jvm.dll+0x259a67]
V  [jvm.dll+0x24f237]
V  [jvm.dll+0x1e805d]
V  [jvm.dll+0x1e86b9]
V  [jvm.dll+0x30e882]
V  [jvm.dll+0x1e8cf1]
V  [jvm.dll+0x250485]
V  [jvm.dll+0x2506cd]
V  [jvm.dll+0x250819]
V  [jvm.dll+0xe5fb8]
V  [jvm.dll+0xe2caa]
V  [jvm.dll+0xe423e]
V  [jvm.dll+0xe189a]
V  [jvm.dll+0xe0a3a]
V  [jvm.dll+0xa872b]
V  [jvm.dll+0xa92d4]
V  [jvm.dll+0xed7f4]
V  [jvm.dll+0x110f40]
V  [jvm.dll+0x194b91]
V  [jvm.dll+0x223b97]
V  [jvm.dll+0x2221a6]
V  [jvm.dll+0x22295f]
V  [jvm.dll+0x222c6d]
V  [jvm.dll+0x270f6c]
C  [ucrtbase.dll+0x21bb2]
C  [KERNEL32.DLL+0x17614]
C  [ntdll.dll+0x526a1]

VM_Operation (0x00000083b15ff060): GetOrSetLocal, mode: safepoint, requested by thread 0x000001d47ff5c800


---------------  P R O C E S S  ---------------

Java Threads: ( => current thread )
  0x000001d40b8a6000 JavaThread "Keep-Alive-Timer" daemon [_thread_blocked, id=7948, stack(0x00000083b0500000,0x00000083b0600000)]
  0x000001d40848f800 JavaThread "DestroyJavaVM" [_thread_blocked, id=9556, stack(0x00000083b0700000,0x00000083b0800000)]
  0x000001d408491000 JavaThread "scheduling-1" [_thread_blocked, id=7440, stack(0x00000083b3c00000,0x00000083b3d00000)]
  0x000001d40848e800 JavaThread "http-nio-8081-Acceptor" daemon [_thread_in_native, id=3064, stack(0x00000083b3b00000,0x00000083b3c00000)]
  0x000001d408486800 JavaThread "http-nio-8081-Poller" daemon [_thread_in_native, id=11404, stack(0x00000083b3a00000,0x00000083b3b00000)]
  0x000001d40848d000 JavaThread "http-nio-8081-exec-10" daemon [_thread_blocked, id=18336, stack(0x00000083b3900000,0x00000083b3a00000)]
  0x000001d40848c000 JavaThread "http-nio-8081-exec-9" daemon [_thread_blocked, id=12296, stack(0x00000083b3800000,0x00000083b3900000)]
  0x000001d40848e000 JavaThread "http-nio-8081-exec-8" daemon [_thread_blocked, id=10400, stack(0x00000083b3700000,0x00000083b3800000)]
  0x000001d408484800 JavaThread "http-nio-8081-exec-7" daemon [_thread_blocked, id=21724, stack(0x00000083b3600000,0x00000083b3700000)]
  0x000001d40848b800 JavaThread "http-nio-8081-exec-6" daemon [_thread_blocked, id=9648, stack(0x00000083b3500000,0x00000083b3600000)]
  0x000001d408487800 JavaThread "http-nio-8081-exec-5" daemon [_thread_blocked, id=19220, stack(0x00000083b3400000,0x00000083b3500000)]
  0x000001d40848a000 JavaThread "http-nio-8081-exec-4" daemon [_thread_blocked, id=22132, stack(0x00000083b3300000,0x00000083b3400000)]
  0x000001d408488800 JavaThread "http-nio-8081-exec-3" daemon [_thread_blocked, id=22280, stack(0x00000083b3200000,0x00000083b3300000)]
  0x000001d40848a800 JavaThread "http-nio-8081-exec-2" daemon [_thread_blocked, id=15692, stack(0x00000083b3100000,0x00000083b3200000)]
  0x000001d408485000 JavaThread "http-nio-8081-exec-1" daemon [_thread_blocked, id=11384, stack(0x00000083b3000000,0x00000083b3100000)]
  0x000001d408483000 JavaThread "CustomQuartzScheduler_QuartzSchedulerThread" [_thread_blocked, id=5224, stack(0x00000083b2f00000,0x00000083b3000000)]
  0x000001d408486000 JavaThread "CustomQuartzScheduler_Worker-10" [_thread_blocked, id=8468, stack(0x00000083b2e00000,0x00000083b2f00000)]
  0x000001d408483800 JavaThread "CustomQuartzScheduler_Worker-9" [_thread_blocked, id=21484, stack(0x00000083b2d00000,0x00000083b2e00000)]
  0x000001d408489000 JavaThread "CustomQuartzScheduler_Worker-8" [_thread_blocked, id=18036, stack(0x00000083b2c00000,0x00000083b2d00000)]
  0x000001d40385c800 JavaThread "CustomQuartzScheduler_Worker-7" [_thread_blocked, id=804, stack(0x00000083b2b00000,0x00000083b2c00000)]
  0x000001d40385d800 JavaThread "CustomQuartzScheduler_Worker-6" [_thread_blocked, id=5440, stack(0x00000083b2a00000,0x00000083b2b00000)]
  0x000001d40385b800 JavaThread "CustomQuartzScheduler_Worker-5" [_thread_blocked, id=6212, stack(0x00000083b2900000,0x00000083b2a00000)]
  0x000001d405b0a000 JavaThread "CustomQuartzScheduler_Worker-4" [_thread_blocked, id=6676, stack(0x00000083b2800000,0x00000083b2900000)]
  0x000001d411a90000 JavaThread "CustomQuartzScheduler_Worker-3" [_thread_blocked, id=18524, stack(0x00000083b2700000,0x00000083b2800000)]
  0x000001d4088f4000 JavaThread "CustomQuartzScheduler_Worker-2" [_thread_blocked, id=10844, stack(0x00000083b2600000,0x00000083b2700000)]
  0x000001d403496800 JavaThread "CustomQuartzScheduler_Worker-1" [_thread_blocked, id=15748, stack(0x00000083b2500000,0x00000083b2600000)]
  0x000001d40baa6800 JavaThread "container-0" [_thread_blocked, id=6024, stack(0x00000083b2400000,0x00000083b2500000)]
  0x000001d40b8d7000 JavaThread "Catalina-utility-2" [_thread_blocked, id=8524, stack(0x00000083b2300000,0x00000083b2400000)]
  0x000001d411e2a000 JavaThread "Catalina-utility-1" [_thread_blocked, id=4040, stack(0x00000083b2200000,0x00000083b2300000)]
  0x000001d404b07800 JavaThread "HikariPool-1 housekeeper" daemon [_thread_blocked, id=8148, stack(0x00000083b2000000,0x00000083b2100000)]
  0x000001d40c8c3800 JavaThread "mysql-cj-abandoned-connection-cleanup" daemon [_thread_blocked, id=1288, stack(0x00000083b1e00000,0x00000083b1f00000)]
  0x000001d4023be800 JavaThread "Service Thread" daemon [_thread_blocked, id=19132, stack(0x00000083b1c00000,0x00000083b1d00000)]
  0x000001d4023b8800 JavaThread "C1 CompilerThread3" daemon [_thread_blocked, id=20712, stack(0x00000083b1b00000,0x00000083b1c00000)]
  0x000001d4023b5800 JavaThread "C2 CompilerThread2" daemon [_thread_blocked, id=1788, stack(0x00000083b1a00000,0x00000083b1b00000)]
  0x000001d4023b3000 JavaThread "C2 CompilerThread1" daemon [_thread_blocked, id=2132, stack(0x00000083b1900000,0x00000083b1a00000)]
  0x000001d4023b2800 JavaThread "C2 CompilerThread0" daemon [_thread_blocked, id=14692, stack(0x00000083b1800000,0x00000083b1900000)]
  0x000001d47ff6b000 JavaThread "JDWP Command Reader" daemon [_thread_in_native, id=7112, stack(0x00000083b1700000,0x00000083b1800000)]
  0x000001d47ff68800 JavaThread "JDWP Event Helper Thread" daemon [_thread_blocked, id=21188, stack(0x00000083b1600000,0x00000083b1700000)]
  0x000001d47ff5c800 JavaThread "JDWP Transport Listener: dt_socket" daemon [_thread_blocked, id=18648, stack(0x00000083b1500000,0x00000083b1600000)]
  0x000001d47ff2a000 JavaThread "Attach Listener" daemon [_thread_blocked, id=20604, stack(0x00000083b1400000,0x00000083b1500000)]
  0x000001d47ff29000 JavaThread "Signal Dispatcher" daemon [_thread_blocked, id=20540, stack(0x00000083b1300000,0x00000083b1400000)]
  0x000001d47ff01800 JavaThread "Finalizer" daemon [_thread_blocked, id=4188, stack(0x00000083b1200000,0x00000083b1300000)]
  0x000001d47fefa000 JavaThread "Reference Handler" daemon [_thread_blocked, id=8496, stack(0x00000083b1100000,0x00000083b1200000)]

Other Threads:
=>0x000001d47fed0000 VMThread [stack: 0x00000083b1000000,0x00000083b1100000] [id=23000]
  0x000001d40245a800 WatcherThread [stack: 0x00000083b1d00000,0x00000083b1e00000] [id=19344]

VM state:at safepoint (normal execution)

VM Mutex/Monitor currently owned by a thread:  ([mutex/lock_event])
[0x000001d45bdc3b80] Threads_lock - owner thread: 0x000001d47fed0000

heap address: 0x00000005c1e00000, size: 8162 MB, Compressed Oops mode: Zero based, Oop shift amount: 3
Narrow klass base: 0x0000000000000000, Narrow klass shift: 3
Compressed class space size: 1073741824 Address: 0x00000007c0000000

Heap:
 PSYoungGen      total 384000K, used 137651K [0x0000000715f80000, 0x000000072f400000, 0x00000007c0000000)
  eden space 367104K, 32% used [0x0000000715f80000,0x000000071d596608,0x000000072c600000)
  from space 16896K, 99% used [0x000000072e380000,0x000000072f3d6948,0x000000072f400000)
  to   space 19456K, 0% used [0x000000072ce00000,0x000000072ce00000,0x000000072e100000)
 ParOldGen       total 470528K, used 31471K [0x00000005c1e00000, 0x00000005de980000, 0x0000000715f80000)
  object space 470528K, 6% used [0x00000005c1e00000,0x00000005c3cbbcc8,0x00000005de980000)
 Metaspace       used 76375K, capacity 80644K, committed 80788K, reserved 1120256K
  class space    used 10178K, capacity 10873K, committed 10900K, reserved 1048576K

Card table byte_map: [0x000001d46cad0000,0x000001d46dad0000] byte_map_base: 0x000001d469cc1000

Marking Bits: (ParMarkBitMap*) 0x000000005f7bb510
 Begin Bits: [0x000001d46e580000, 0x000001d476508000)
 End Bits:   [0x000001d476508000, 0x000001d47e490000)

Polling page: 0x000001d45be90000

CodeCache: size=245760Kb used=21046Kb max_used=21548Kb free=224713Kb
 bounds [0x000001d45d710000, 0x000001d45ec40000, 0x000001d46c710000]
 total_blobs=6289 nmethods=5691 adapters=516
 compilation: enabled

Compilation events (10 events):
Event: 1604.265 Thread 0x000001d4023b8800 nmethod 6702 0x000001d45e81be50 code [0x000001d45e81bfc0, 0x000001d45e81c398]
Event: 1604.265 Thread 0x000001d4023b8800 6704       3       com.sun.crypto.provider.GHASH::ghashRangeCheck (214 bytes)
Event: 1604.266 Thread 0x000001d4023b8800 nmethod 6704 0x000001d45e62f290 code [0x000001d45e62f760, 0x000001d45e632500]
Event: 1604.266 Thread 0x000001d4023b8800 6707       3       java.lang.Double::<init> (10 bytes)
Event: 1604.266 Thread 0x000001d4023b8800 nmethod 6707 0x000001d45dc30510 code [0x000001d45dc30680, 0x000001d45dc30898]
Event: 1604.266 Thread 0x000001d4023b8800 6706       1       com.google.gson.reflect.TypeToken::getRawType (5 bytes)
Event: 1604.266 Thread 0x000001d4023b8800 nmethod 6706 0x000001d45da49910 code [0x000001d45da49a60, 0x000001d45da49b78]
Event: 1604.266 Thread 0x000001d4023b8800 6708       3       java.lang.Double::valueOf (9 bytes)
Event: 1604.266 Thread 0x000001d4023b8800 nmethod 6708 0x000001d45e653d90 code [0x000001d45e653f00, 0x000001d45e654198]
Event: 1604.273 Thread 0x000001d4023b3000 nmethod 6705% 0x000001d45dd07890 code [0x000001d45dd07a00, 0x000001d45dd08258]

GC Heap History (10 events):
Event: 3.616 GC heap before
{Heap before GC invocations=7 (full 2):
 PSYoungGen      total 216064K, used 9967K [0x0000000715f80000, 0x0000000729200000, 0x00000007c0000000)
  eden space 194560K, 0% used [0x0000000715f80000,0x0000000715f80000,0x0000000721d80000)
  from space 21504K, 46% used [0x0000000721d80000,0x000000072273bc78,0x0000000723280000)
  to   space 12288K, 0% used [0x0000000728600000,0x0000000728600000,0x0000000729200000)
 ParOldGen       total 201216K, used 7726K [0x00000005c1e00000, 0x00000005ce280000, 0x0000000715f80000)
  object space 201216K, 3% used [0x00000005c1e00000,0x00000005c258ba20,0x00000005ce280000)
 Metaspace       used 33737K, capacity 35372K, committed 35416K, reserved 1079296K
  class space    used 4338K, capacity 4654K, committed 4696K, reserved 1048576K
Event: 3.653 GC heap after
Heap after GC invocations=7 (full 2):
 PSYoungGen      total 216064K, used 0K [0x0000000715f80000, 0x0000000729200000, 0x00000007c0000000)
  eden space 194560K, 0% used [0x0000000715f80000,0x0000000715f80000,0x0000000721d80000)
  from space 21504K, 0% used [0x0000000721d80000,0x0000000721d80000,0x0000000723280000)
  to   space 12288K, 0% used [0x0000000728600000,0x0000000728600000,0x0000000729200000)
 ParOldGen       total 319488K, used 13721K [0x00000005c1e00000, 0x00000005d5600000, 0x0000000715f80000)
  object space 319488K, 4% used [0x00000005c1e00000,0x00000005c2b66780,0x00000005d5600000)
 Metaspace       used 33737K, capacity 35372K, committed 35416K, reserved 1079296K
  class space    used 4338K, capacity 4654K, committed 4696K, reserved 1048576K
}
Event: 4.945 GC heap before
{Heap before GC invocations=8 (full 2):
 PSYoungGen      total 216064K, used 194560K [0x0000000715f80000, 0x0000000729200000, 0x00000007c0000000)
  eden space 194560K, 100% used [0x0000000715f80000,0x0000000721d80000,0x0000000721d80000)
  from space 21504K, 0% used [0x0000000721d80000,0x0000000721d80000,0x0000000723280000)
  to   space 12288K, 0% used [0x0000000728600000,0x0000000728600000,0x0000000729200000)
 ParOldGen       total 319488K, used 13721K [0x00000005c1e00000, 0x00000005d5600000, 0x0000000715f80000)
  object space 319488K, 4% used [0x00000005c1e00000,0x00000005c2b66780,0x00000005d5600000)
 Metaspace       used 40146K, capacity 42478K, committed 42712K, reserved 1087488K
  class space    used 5102K, capacity 5510K, committed 5592K, reserved 1048576K
Event: 4.957 GC heap after
Heap after GC invocations=8 (full 2):
 PSYoungGen      total 283136K, used 9231K [0x0000000715f80000, 0x0000000728f80000, 0x00000007c0000000)
  eden space 273408K, 0% used [0x0000000715f80000,0x0000000715f80000,0x0000000726a80000)
  from space 9728K, 94% used [0x0000000728600000,0x0000000728f03f20,0x0000000728f80000)
  to   space 11776K, 0% used [0x0000000727880000,0x0000000727880000,0x0000000728400000)
 ParOldGen       total 319488K, used 13729K [0x00000005c1e00000, 0x00000005d5600000, 0x0000000715f80000)
  object space 319488K, 4% used [0x00000005c1e00000,0x00000005c2b68780,0x00000005d5600000)
 Metaspace       used 40146K, capacity 42478K, committed 42712K, reserved 1087488K
  class space    used 5102K, capacity 5510K, committed 5592K, reserved 1048576K
}
Event: 6.967 GC heap before
{Heap before GC invocations=9 (full 2):
 PSYoungGen      total 283136K, used 277929K [0x0000000715f80000, 0x0000000728f80000, 0x00000007c0000000)
  eden space 273408K, 98% used [0x0000000715f80000,0x00000007265e6648,0x0000000726a80000)
  from space 9728K, 94% used [0x0000000728600000,0x0000000728f03f20,0x0000000728f80000)
  to   space 11776K, 0% used [0x0000000727880000,0x0000000727880000,0x0000000728400000)
 ParOldGen       total 319488K, used 13729K [0x00000005c1e00000, 0x00000005d5600000, 0x0000000715f80000)
  object space 319488K, 4% used [0x00000005c1e00000,0x00000005c2b68780,0x00000005d5600000)
 Metaspace       used 56266K, capacity 58970K, committed 59028K, reserved 1099776K
  class space    used 7554K, capacity 8035K, committed 8084K, reserved 1048576K
Event: 6.984 GC heap after
Heap after GC invocations=9 (full 2):
 PSYoungGen      total 299520K, used 11750K [0x0000000715f80000, 0x000000072f500000, 0x00000007c0000000)
  eden space 287744K, 0% used [0x0000000715f80000,0x0000000715f80000,0x0000000727880000)
  from space 11776K, 99% used [0x0000000727880000,0x00000007283f9850,0x0000000728400000)
  to   space 17920K, 0% used [0x000000072e380000,0x000000072e380000,0x000000072f500000)
 ParOldGen       total 319488K, used 23630K [0x00000005c1e00000, 0x00000005d5600000, 0x0000000715f80000)
  object space 319488K, 7% used [0x00000005c1e00000,0x00000005c3513b28,0x00000005d5600000)
 Metaspace       used 56266K, capacity 58970K, committed 59028K, reserved 1099776K
  class space    used 7554K, capacity 8035K, committed 8084K, reserved 1048576K
}
Event: 6.984 GC heap before
{Heap before GC invocations=10 (full 3):
 PSYoungGen      total 299520K, used 11750K [0x0000000715f80000, 0x000000072f500000, 0x00000007c0000000)
  eden space 287744K, 0% used [0x0000000715f80000,0x0000000715f80000,0x0000000727880000)
  from space 11776K, 99% used [0x0000000727880000,0x00000007283f9850,0x0000000728400000)
  to   space 17920K, 0% used [0x000000072e380000,0x000000072e380000,0x000000072f500000)
 ParOldGen       total 319488K, used 23630K [0x00000005c1e00000, 0x00000005d5600000, 0x0000000715f80000)
  object space 319488K, 7% used [0x00000005c1e00000,0x00000005c3513b28,0x00000005d5600000)
 Metaspace       used 56266K, capacity 58970K, committed 59028K, reserved 1099776K
  class space    used 7554K, capacity 8035K, committed 8084K, reserved 1048576K
Event: 7.114 GC heap after
Heap after GC invocations=10 (full 3):
 PSYoungGen      total 299520K, used 0K [0x0000000715f80000, 0x000000072f500000, 0x00000007c0000000)
  eden space 287744K, 0% used [0x0000000715f80000,0x0000000715f80000,0x0000000727880000)
  from space 11776K, 0% used [0x0000000727880000,0x0000000727880000,0x0000000728400000)
  to   space 17920K, 0% used [0x000000072e380000,0x000000072e380000,0x000000072f500000)
 ParOldGen       total 470528K, used 31463K [0x00000005c1e00000, 0x00000005de980000, 0x0000000715f80000)
  object space 470528K, 6% used [0x00000005c1e00000,0x00000005c3cb9cc8,0x00000005de980000)
 Metaspace       used 56266K, capacity 58970K, committed 59028K, reserved 1099776K
  class space    used 7554K, capacity 8035K, committed 8084K, reserved 1048576K
}
Event: 10.190 GC heap before
{Heap before GC invocations=11 (full 3):
 PSYoungGen      total 299520K, used 287744K [0x0000000715f80000, 0x000000072f500000, 0x00000007c0000000)
  eden space 287744K, 100% used [0x0000000715f80000,0x0000000727880000,0x0000000727880000)
  from space 11776K, 0% used [0x0000000727880000,0x0000000727880000,0x0000000728400000)
  to   space 17920K, 0% used [0x000000072e380000,0x000000072e380000,0x000000072f500000)
 ParOldGen       total 470528K, used 31463K [0x00000005c1e00000, 0x00000005de980000, 0x0000000715f80000)
  object space 470528K, 6% used [0x00000005c1e00000,0x00000005c3cb9cc8,0x00000005de980000)
 Metaspace       used 69388K, capacity 73548K, committed 73876K, reserved 1114112K
  class space    used 9365K, capacity 10042K, committed 10132K, reserved 1048576K
Event: 10.205 GC heap after
Heap after GC invocations=11 (full 3):
 PSYoungGen      total 384000K, used 16730K [0x0000000715f80000, 0x000000072f400000, 0x00000007c0000000)
  eden space 367104K, 0% used [0x0000000715f80000,0x0000000715f80000,0x000000072c600000)
  from space 16896K, 99% used [0x000000072e380000,0x000000072f3d6948,0x000000072f400000)
  to   space 19456K, 0% used [0x000000072ce00000,0x000000072ce00000,0x000000072e100000)
 ParOldGen       total 470528K, used 31471K [0x00000005c1e00000, 0x00000005de980000, 0x0000000715f80000)
  object space 470528K, 6% used [0x00000005c1e00000,0x00000005c3cbbcc8,0x00000005de980000)
 Metaspace       used 69388K, capacity 73548K, committed 73876K, reserved 1114112K
  class space    used 9365K, capacity 10042K, committed 10132K, reserved 1048576K
}

Deoptimization events (10 events):
Event: 1498.227 Thread 0x000001d408484800 Uncommon trap: reason=unhandled action=none pc=0x000001d45d94e0d0 method=java.net.URLClassLoader.findClass(Ljava/lang/String;)Ljava/lang/Class; @ 44
Event: 1498.228 Thread 0x000001d408484800 Uncommon trap: reason=unhandled action=none pc=0x000001d45d94e0d0 method=java.net.URLClassLoader.findClass(Ljava/lang/String;)Ljava/lang/Class; @ 44
Event: 1498.228 Thread 0x000001d408484800 Uncommon trap: reason=unhandled action=none pc=0x000001d45d94e0d0 method=java.net.URLClassLoader.findClass(Ljava/lang/String;)Ljava/lang/Class; @ 44
Event: 1498.229 Thread 0x000001d408484800 Uncommon trap: reason=unhandled action=none pc=0x000001d45d94e0d0 method=java.net.URLClassLoader.findClass(Ljava/lang/String;)Ljava/lang/Class; @ 44
Event: 1498.229 Thread 0x000001d408484800 Uncommon trap: reason=unhandled action=none pc=0x000001d45d94e0d0 method=java.net.URLClassLoader.findClass(Ljava/lang/String;)Ljava/lang/Class; @ 44
Event: 1498.229 Thread 0x000001d408484800 Uncommon trap: reason=unhandled action=none pc=0x000001d45d94e0d0 method=java.net.URLClassLoader.findClass(Ljava/lang/String;)Ljava/lang/Class; @ 44
Event: 1498.233 Thread 0x000001d408484800 Uncommon trap: reason=unhandled action=none pc=0x000001d45d94e0d0 method=java.net.URLClassLoader.findClass(Ljava/lang/String;)Ljava/lang/Class; @ 44
Event: 1498.234 Thread 0x000001d408484800 Uncommon trap: reason=unhandled action=none pc=0x000001d45d94e0d0 method=java.net.URLClassLoader.findClass(Ljava/lang/String;)Ljava/lang/Class; @ 44
Event: 1579.644 Thread 0x000001d40848e000 Uncommon trap: reason=bimorphic action=maybe_recompile pc=0x000001d45e284820 method=java.util.HashMap.putVal(ILjava/lang/Object;Ljava/lang/Object;ZZ)Ljava/lang/Object; @ 253
Event: 1603.756 Thread 0x000001d408487800 Uncommon trap: reason=bimorphic action=maybe_recompile pc=0x000001d45e284820 method=java.util.HashMap.putVal(ILjava/lang/Object;Ljava/lang/Object;ZZ)Ljava/lang/Object; @ 253

Classes redefined (4 events):
Event: 1397.670 Thread 0x000001d47fed0000 redefined class name=com.oneclicktech.spring.controller.D365AppController, count=1
Event: 1491.969 Thread 0x000001d47fed0000 redefined class name=com.oneclicktech.spring.service.impl.OnlineOrderServiceImpl, count=1
Event: 1514.644 Thread 0x000001d47fed0000 redefined class name=com.oneclicktech.spring.service.impl.OnlineOrderServiceImpl, count=2
Event: 1554.348 Thread 0x000001d47fed0000 redefined class name=com.oneclicktech.spring.service.impl.OnlineOrderServiceImpl, count=3

Internal exceptions (10 events):
Event: 9.137 Thread 0x000001d45bdc6000 Exception <a 'java/lang/ClassNotFoundException': org/springframework/security/config/annotation/web/configuration/WebSecurityConfigurationCustomizer> (0x000000072621d558) thrown at [C:\jenkins\workspace\zulu8-build-win64\zulu-src\hotspot\src\share\vm\clas
Event: 9.138 Thread 0x000001d45bdc6000 Exception <a 'java/lang/ClassNotFoundException': org/springframework/context/annotation/ImportAwareCustomizer> (0x0000000726241f78) thrown at [C:\jenkins\workspace\zulu8-build-win64\zulu-src\hotspot\src\share\vm\classfile\systemDictionary.cpp, line 220]
Event: 9.139 Thread 0x000001d45bdc6000 Exception <a 'java/lang/ClassNotFoundException': org/springframework/beans/factory/AwareCustomizer> (0x0000000726259490) thrown at [C:\jenkins\workspace\zulu8-build-win64\zulu-src\hotspot\src\share\vm\classfile\systemDictionary.cpp, line 220]
Event: 9.139 Thread 0x000001d45bdc6000 Exception <a 'java/lang/ClassNotFoundException': org/springframework/beans/factory/BeanClassLoaderAwareCustomizer> (0x0000000726274488) thrown at [C:\jenkins\workspace\zulu8-build-win64\zulu-src\hotspot\src\share\vm\classfile\systemDictionary.cpp, line 22
Event: 9.140 Thread 0x000001d45bdc6000 Exception <a 'java/lang/ClassNotFoundException': org/springframework/beans/factory/AwareCustomizer> (0x000000072628b980) thrown at [C:\jenkins\workspace\zulu8-build-win64\zulu-src\hotspot\src\share\vm\classfile\systemDictionary.cpp, line 220]
Event: 1185.750 Thread 0x000001d408485000 Implicit null exception at 0x000001d45e92dade to 0x000001d45e92dc09
Event: 1498.211 Thread 0x000001d408484800 Exception <a 'java/lang/IncompatibleClassChangeError'> (0x000000071c45bde8) thrown at [C:\jenkins\workspace\zulu8-build-win64\zulu-src\hotspot\src\share\vm\interpreter\interpreterRuntime.cpp, line 569]
Event: 1498.212 Thread 0x000001d408484800 Exception <a 'java/lang/reflect/InvocationTargetException'> (0x000000071c45c5a8) thrown at [C:\jenkins\workspace\zulu8-build-win64\zulu-src\hotspot\src\share\vm\runtime\reflection.cpp, line 1092]
Event: 1580.197 Thread 0x000001d40848e000 Exception <a 'java/lang/IncompatibleClassChangeError'> (0x000000071cc9e220) thrown at [C:\jenkins\workspace\zulu8-build-win64\zulu-src\hotspot\src\share\vm\interpreter\interpreterRuntime.cpp, line 569]
Event: 1580.197 Thread 0x000001d40848e000 Exception <a 'java/lang/reflect/InvocationTargetException'> (0x000000071cc9e9e0) thrown at [C:\jenkins\workspace\zulu8-build-win64\zulu-src\hotspot\src\share\vm\runtime\reflection.cpp, line 1092]

Events (10 events):
Event: 1604.273 Thread 0x000001d4023b3000 flushing nmethod 0x000001d45d830010
Event: 1604.273 Thread 0x000001d4023b3000 flushing nmethod 0x000001d45d832310
Event: 1604.273 Thread 0x000001d4023b3000 flushing nmethod 0x000001d45d83b650
Event: 1604.273 Thread 0x000001d4023b3000 flushing nmethod 0x000001d45d845250
Event: 1604.273 Thread 0x000001d4023b3000 flushing nmethod 0x000001d45d847290
Event: 1604.273 Thread 0x000001d4023b3000 flushing nmethod 0x000001d45d851c90
Event: 1604.273 Thread 0x000001d4023b3000 flushing nmethod 0x000001d45d859850
Event: 1604.273 Thread 0x000001d4023b3000 flushing nmethod 0x000001d45d89ced0
Event: 1604.273 Thread 0x000001d4023b3000 flushing nmethod 0x000001d45d8b0210
Event: 1604.357 Executing VM operation: GetOrSetLocal


Dynamic libraries:
0x00007ff7520e0000 - 0x00007ff752125000 	C:\Program Files\Zulu\zulu-8\bin\javaw.exe
0x00007ff91c0f0000 - 0x00007ff91c2e8000 	C:\Windows\SYSTEM32\ntdll.dll
0x00007ff91a130000 - 0x00007ff91a1ef000 	C:\Windows\System32\KERNEL32.DLL
0x00007ff9197e0000 - 0x00007ff919ab2000 	C:\Windows\System32\KERNELBASE.dll
0x00007ff91aa10000 - 0x00007ff91aabe000 	C:\Windows\System32\ADVAPI32.dll
0x00007ff91a420000 - 0x00007ff91a4be000 	C:\Windows\System32\msvcrt.dll
0x00007ff91a970000 - 0x00007ff91aa0c000 	C:\Windows\System32\sechost.dll
0x00007ff91a660000 - 0x00007ff91a785000 	C:\Windows\System32\RPCRT4.dll
0x00007ff91b800000 - 0x00007ff91b9a1000 	C:\Windows\System32\USER32.dll
0x00007ff919de0000 - 0x00007ff919e02000 	C:\Windows\System32\win32u.dll
0x00007ff91a800000 - 0x00007ff91a82b000 	C:\Windows\System32\GDI32.dll
0x00007ff919b30000 - 0x00007ff919c3f000 	C:\Windows\System32\gdi32full.dll
0x00007ff919c40000 - 0x00007ff919cdd000 	C:\Windows\System32\msvcp_win.dll
0x00007ff919ce0000 - 0x00007ff919de0000 	C:\Windows\System32\ucrtbase.dll
0x00007ff90a1b0000 - 0x00007ff90a44a000 	C:\Windows\WinSxS\amd64_microsoft.windows.common-controls_6595b64144ccf1df_6.0.19041.1110_none_60b5254171f9507e\COMCTL32.dll
0x00007ff91bbe0000 - 0x00007ff91bc12000 	C:\Windows\System32\IMM32.DLL
0x00007ff8fc760000 - 0x00007ff8fc775000 	C:\Program Files\Zulu\zulu-8\jre\bin\vcruntime140.dll
0x00007ff8adc70000 - 0x00007ff8add0b000 	C:\Program Files\Zulu\zulu-8\jre\bin\msvcp140.dll
0x000000005efd0000 - 0x000000005f835000 	C:\Program Files\Zulu\zulu-8\jre\bin\server\jvm.dll
0x00007ff91a790000 - 0x00007ff91a798000 	C:\Windows\System32\PSAPI.DLL
0x00007ff907760000 - 0x00007ff907769000 	C:\Windows\SYSTEM32\WSOCK32.dll
0x00007ff918420000 - 0x00007ff91842a000 	C:\Windows\SYSTEM32\VERSION.dll
0x00007ff91b9b0000 - 0x00007ff91ba1b000 	C:\Windows\System32\WS2_32.dll
0x00007ff8feb70000 - 0x00007ff8feb97000 	C:\Windows\SYSTEM32\WINMM.dll
0x00007ff9183e0000 - 0x00007ff9183f2000 	C:\Windows\SYSTEM32\kernel.appcore.dll
0x00007ff911a30000 - 0x00007ff911a40000 	C:\Program Files\Zulu\zulu-8\jre\bin\verify.dll
0x00007ff8f8e80000 - 0x00007ff8f8eab000 	C:\Program Files\Zulu\zulu-8\jre\bin\java.dll
0x00007ff8e3f10000 - 0x00007ff8e3f46000 	C:\Program Files\Zulu\zulu-8\jre\bin\jdwp.dll
0x00007ff8fd000000 - 0x00007ff8fd009000 	C:\Program Files\Zulu\zulu-8\jre\bin\npt.dll
0x00007ff8cee00000 - 0x00007ff8cee31000 	C:\Program Files\Zulu\zulu-8\jre\bin\instrument.dll
0x00007ff90e8b0000 - 0x00007ff90e8c8000 	C:\Program Files\Zulu\zulu-8\jre\bin\zip.dll
0x00007ff91af30000 - 0x00007ff91b674000 	C:\Windows\System32\SHELL32.dll
0x00007ff917330000 - 0x00007ff917ac2000 	C:\Windows\SYSTEM32\windows.storage.dll
0x00007ff91bd50000 - 0x00007ff91c0a5000 	C:\Windows\System32\combase.dll
0x00007ff9190e0000 - 0x00007ff919110000 	C:\Windows\SYSTEM32\Wldp.dll
0x00007ff91a4c0000 - 0x00007ff91a56d000 	C:\Windows\System32\SHCORE.dll
0x00007ff91a330000 - 0x00007ff91a385000 	C:\Windows\System32\shlwapi.dll
0x00007ff919720000 - 0x00007ff91973f000 	C:\Windows\SYSTEM32\profapi.dll
0x00007ff8fcb50000 - 0x00007ff8fcb5a000 	C:\Program Files\Zulu\zulu-8\jre\bin\dt_socket.dll
0x00007ff8fe870000 - 0x00007ff8fe887000 	C:\Windows\system32\napinsp.dll
0x00007ff919fa0000 - 0x00007ff91a022000 	C:\Windows\System32\bcryptPrimitives.dll
0x00007ff8fe850000 - 0x00007ff8fe86b000 	C:\Windows\system32\pnrpnsp.dll
0x00007ff910710000 - 0x00007ff910725000 	C:\Windows\system32\wshbth.dll
0x00007ff90eae0000 - 0x00007ff90eafd000 	C:\Windows\system32\NLAapi.dll
0x00007ff918b70000 - 0x00007ff918bab000 	C:\Windows\SYSTEM32\IPHLPAPI.DLL
0x00007ff918e60000 - 0x00007ff918eca000 	C:\Windows\System32\mswsock.dll
0x00007ff918bb0000 - 0x00007ff918c7a000 	C:\Windows\SYSTEM32\DNSAPI.dll
0x00007ff91ba20000 - 0x00007ff91ba28000 	C:\Windows\System32\NSI.dll
0x00007ff8fe830000 - 0x00007ff8fe842000 	C:\Windows\System32\winrnr.dll
0x00007ff90a960000 - 0x00007ff90a9e0000 	C:\Windows\System32\fwpuclnt.dll
0x00007ff919f70000 - 0x00007ff919f97000 	C:\Windows\System32\bcrypt.dll
0x00007ff90b4c0000 - 0x00007ff90b4ca000 	C:\Windows\System32\rasadhlp.dll
0x00007ff8f8e70000 - 0x00007ff8f8e7d000 	C:\Program Files\Zulu\zulu-8\jre\bin\management.dll
0x00007ff90c550000 - 0x00007ff90c56c000 	C:\Program Files\Zulu\zulu-8\jre\bin\net.dll
0x00007ff90bfe0000 - 0x00007ff90bff3000 	C:\Program Files\Zulu\zulu-8\jre\bin\nio.dll
0x00007ff919150000 - 0x00007ff919168000 	C:\Windows\SYSTEM32\CRYPTSP.dll
0x00007ff918690000 - 0x00007ff9186c4000 	C:\Windows\system32\rsaenh.dll
0x00007ff9196e0000 - 0x00007ff91970e000 	C:\Windows\SYSTEM32\USERENV.dll
0x00007ff919110000 - 0x00007ff91911c000 	C:\Windows\SYSTEM32\CRYPTBASE.dll
0x00007ff90f190000 - 0x00007ff90f1a7000 	C:\Windows\SYSTEM32\dhcpcsvc6.DLL
0x00007ff90e650000 - 0x00007ff90e66d000 	C:\Windows\SYSTEM32\dhcpcsvc.DLL
0x00007ff907520000 - 0x00007ff907544000 	C:\Program Files\Zulu\zulu-8\jre\bin\sunec.dll
0x00007ff911930000 - 0x00007ff91193d000 	C:\Program Files\Zulu\zulu-8\jre\bin\sunmscapi.dll
0x00007ff919e10000 - 0x00007ff919f66000 	C:\Windows\System32\CRYPT32.dll
0x00007ff9192b0000 - 0x00007ff9192d7000 	C:\Windows\SYSTEM32\ncrypt.dll
0x00007ff919270000 - 0x00007ff9192ab000 	C:\Windows\SYSTEM32\NTASN1.dll
0x00007ff914100000 - 0x00007ff9142e4000 	C:\Windows\SYSTEM32\dbghelp.dll

VM Arguments:
jvm_args: -agentlib:jdwp=transport=dt_socket,suspend=y,address=localhost:56816 -javaagent:C:\Users\kg255035\Downloads\eclipse-jee-photon-R-win32-x86_64\eclipse\configuration\org.eclipse.osgi\418\0\.cp\lib\javaagent-shaded.jar -Dfile.encoding=UTF-8 
java_command: com.oneclicktech.spring.SpringBootCMSApplication
java_class_path (initial): C:\Program Files\Zulu\zulu-8\jre\lib\resources.jar;C:\Program Files\Zulu\zulu-8\jre\lib\rt.jar;C:\Program Files\Zulu\zulu-8\jre\lib\jsse.jar;C:\Program Files\Zulu\zulu-8\jre\lib\jce.jar;C:\Program Files\Zulu\zulu-8\jre\lib\charsets.jar;C:\Program Files\Zulu\zulu-8\jre\lib\jfr.jar;C:\Program Files\Zulu\zulu-8\jre\lib\ext\access-bridge-64.jar;C:\Program Files\Zulu\zulu-8\jre\lib\ext\cldrdata.jar;C:\Program Files\Zulu\zulu-8\jre\lib\ext\dnsns.jar;C:\Program Files\Zulu\zulu-8\jre\lib\ext\jaccess.jar;C:\Program Files\Zulu\zulu-8\jre\lib\ext\legacy8ujsse.jar;C:\Program Files\Zulu\zulu-8\jre\lib\ext\localedata.jar;C:\Program Files\Zulu\zulu-8\jre\lib\ext\nashorn.jar;C:\Program Files\Zulu\zulu-8\jre\lib\ext\openjsse.jar;C:\Program Files\Zulu\zulu-8\jre\lib\ext\sunec.jar;C:\Program Files\Zulu\zulu-8\jre\lib\ext\sunjce_provider.jar;C:\Program Files\Zulu\zulu-8\jre\lib\ext\sunmscapi.jar;C:\Program Files\Zulu\zulu-8\jre\lib\ext\sunpkcs11.jar;C:\Program Files\Zulu\zulu-8\jre\lib\ext\zipfs.jar;C:\Temp\SPAVI\workspace\springboot-cms-backend\target\classes;C:\Users\kg255035\.m2\repository\org\springframework\boot\spring-boot-starter-data-jpa\2.7.2\spring-boot-starter-data-jpa-2.7.2.jar;C:\Users\kg255035\.m2\repository\org\springframework\boot\spring-boot-starter-aop\2.7.2\spring-boot-starter-aop-2.7.2.jar;C:\Users\kg255035\.m2\repository\org\aspectj\aspectjweaver\1.9.7\aspectjweaver-1.9.7.jar;C:\Users\kg255035\.m2\repository\org\springframework\boot\spring-boot-starter-jdbc\2.7.2\spring-boot-starter-jdbc-2.7.2.jar;C:\Users\kg255035\.m2\repository\com\zaxxer\HikariCP\4.0.3\HikariCP-4.0.3.jar;C:\Users\kg255035\.m2\repository\jakarta\transaction\jakarta.transaction-api\1.3.3\jakarta.transaction-api-1.3.3.jar;C:\Users\kg255035\.m2\repository\jakarta\persistence\jakarta.persistence-api\2.2.3\jakarta.persistence-api-2.2.3.jar;C:\Users\kg255035\.m2\repository\org\hibernate\hibernate-core\5.6.10.Final\hibernate-core-5.6.10.Final.jar;C:\Users\kg255035\.m2\repo
Launcher Type: SUN_STANDARD

Environment Variables:
JAVA_HOME=C:\Program Files\Zulu\zulu-8\
PATH=C:\Program Files\Zulu\zulu-8\jre\bin;C:/Program Files/Zulu/zulu-8/bin/../jre/bin/server;C:/Program Files/Zulu/zulu-8/bin/../jre/bin;C:/Program Files/Zulu/zulu-8/bin/../jre/lib/amd64;C:\Program Files\Teradata\Client\16.20\bin;C:\Program Files (x86)\Teradata\Client\16.20\bin;C:\Python310\Scripts\;C:\Python310\;C:\Program Files\Zulu\zulu-8\bin\;C:\Program Files (x86)\VMware\VMware Player\bin\;C:\Windows\system32;C:\Windows;C:\Windows\System32\Wbem;C:\Windows\System32\WindowsPowerShell\v1.0\;C:\Windows\System32\OpenSSH\;C:\Program Files\WindowsPowerShell\Scripts;C:\Program Files (x86)\Pulse Secure\VC142.CRT\X64\;C:\Program Files (x86)\Pulse Secure\VC142.CRT\X86\;C:\ProgramData\chocolatey\bin;C:\Program Files\Git\cmd;C:\Program Files\dotnet\;C:\Users\kg255035\AppData\Roaming\nvm;C:\Program Files\nodejs;C:\Program Files\MySQL\MySQL Shell 8.0\bin\;C:\Users\kg255035\AppData\Local\Microsoft\WindowsApps;C:\Users\kg255035\AppData\Local\Programs\Microsoft VS Code\bin;C:\Users\kg255035\.dotnet\tools;C:\Users\kg255035\AppData\Roaming\npm;C:\Users\kg255035\AppData\Roaming\nvm;C:\Program Files\nodejs;C:\Users\kg255035\Downloads\eclipse-jee-photon-R-win32-x86_64\eclipse;
USERNAME=kg255035
OS=Windows_NT
PROCESSOR_IDENTIFIER=Intel64 Family 6 Model 142 Stepping 10, GenuineIntel



---------------  S Y S T E M  ---------------

OS: Windows 10.0 , 64 bit Build 19041 (10.0.19041.2364)
HyperV virtualization detected

CPU:total 8 (initial active 8) (4 cores per cpu, 2 threads per core) family 6 model 142 stepping 10, cmov, cx8, fxsr, mmx, sse, sse2, sse3, ssse3, sse4.1, sse4.2, popcnt, avx, avx2, aes, clmul, erms, rtm, 3dnowpref, lzcnt, ht, tsc, tscinvbit, bmi1, bmi2, adx

Memory: 4k page, physical 33429876k(17616808k free), swap 38410612k(15777684k free)

vm_info: OpenJDK 64-Bit Server VM (25.312-b07) for windows-amd64 JRE (Zulu 8.58.0.13-CA-win64) (1.8.0_312-b07), built on Oct  9 2021 07:08:12 by "tester" with MS VC++ 15.9 (VS2017)

time: Tue Jan  3 22:01:06 2023
timezone: China Standard Time
elapsed time: 1604.395336 seconds (0d 0h 26m 44s)

